  Building Custom Rule C:/Users/drtghosh/Documents/All_of_RWTH/Semester2/GeometryProcessingCourse/Exercises/GeometryProcessingFramework/src/assignment01/CMakeLists.txt
  main.cc
  task.cc
C:\Users\drtghosh\Documents\All_of_RWTH\Semester2\GeometryProcessingCourse\Exercises\GeometryProcessingFramework\extern\glow-extras\viewer\glow-extras\viewer\experimental.hh(11,120): warning C4244: 'argument': conversion from 'const ScalarT' to 'int', possible loss of data
          with
          [
              ScalarT=tg::f32
          ] (compiling source file C:\Users\drtghosh\Documents\All_of_RWTH\Semester2\GeometryProcessingCourse\Exercises\GeometryProcessingFramework\src\assignment01\main.cc)
C:\Users\drtghosh\Documents\All_of_RWTH\Semester2\GeometryProcessingCourse\Exercises\GeometryProcessingFramework\extern\glow-extras\viewer\glow-extras\viewer\experimental.hh(11,113): warning C4244: 'argument': conversion from 'const ScalarT' to 'int', possible loss of data
          with
          [
              ScalarT=tg::f32
          ] (compiling source file C:\Users\drtghosh\Documents\All_of_RWTH\Semester2\GeometryProcessingCourse\Exercises\GeometryProcessingFramework\src\assignment01\main.cc)
C:\Users\drtghosh\Documents\All_of_RWTH\Semester2\GeometryProcessingCourse\Exercises\GeometryProcessingFramework\src\assignment01\main.cc(50,39): warning C4244: 'argument': conversion from 'double' to 'ScalarT', possible loss of data
          with
          [
              ScalarT=tg::f32
          ]
C:\Users\drtghosh\Documents\All_of_RWTH\Semester2\GeometryProcessingCourse\Exercises\GeometryProcessingFramework\src\assignment01\main.cc(223,1): warning C4305: 'argument': truncation from 'double' to 'ScalarT'
          with
          [
              ScalarT=tg::f32
          ]
C:\Users\drtghosh\Documents\All_of_RWTH\Semester2\GeometryProcessingCourse\Exercises\GeometryProcessingFramework\src\assignment01\main.cc(224,1): warning C4305: 'argument': truncation from 'double' to 'ScalarT'
          with
          [
              ScalarT=tg::f32
          ]
C:\Users\drtghosh\Documents\All_of_RWTH\Semester2\GeometryProcessingCourse\Exercises\GeometryProcessingFramework\src\assignment01\main.cc(286,1): warning C4305: 'argument': truncation from 'double' to 'ScalarT'
          with
          [
              ScalarT=tg::f32
          ]
C:\Users\drtghosh\Documents\All_of_RWTH\Semester2\GeometryProcessingCourse\Exercises\GeometryProcessingFramework\src\assignment01\main.cc(286,1): warning C4305: 'argument': truncation from 'double' to 'float'
  Assignment01.vcxproj -> C:\Users\drtghosh\Documents\All_of_RWTH\Semester2\GeometryProcessingCourse\Exercises\GeometryProcessingFramework\bin\Assignment01.exe
